2025-09-16 17:17:50, MOVE, v:1, k:carro, mode:DOWN
2025-09-16 17:18:02, MOVE, v:1, k:carro, mode:PICK
2025-09-16 17:18:04, EXEC, v:1, k:carro, mode:FULL, rate:0, size:0
2025-09-16 17:19:02, MOVE, v:1, k:carro, mode:BACK
2025-09-16 17:19:05, MOVE, v:1, k:calculadora, mode:DOWN
2025-09-16 17:19:14, MOVE, v:1, k:carro, mode:PICK
2025-09-16 17:19:15, EXEC, v:1, k:carro, mode:FULL, rate:0
2025-09-16 17:20:51, MOVE, v:1, k:carro, mode:BACK
2025-09-16 17:20:54, MOVE, v:1, k:enxugar, mode:DOWN
2025-09-16 17:20:56, MOVE, v:1, k:enxugar, mode:PICK
2025-09-16 17:20:59, EXEC, v:1, k:enxugar, mode:FULL, rate:0, size:0
2025-09-16 17:22:49, EXEC, v:1, k:enxugar, mode:FULL, rate:0
2025-09-16 17:22:51, MOVE, v:1, k:enxugar, mode:BACK
2025-09-16 17:22:54, MOVE, v:1, k:carro, mode:PICK
2025-09-16 17:22:58, EXEC, v:1, k:carro, mode:FULL, rate:0
2025-09-16 17:24:02, EXEC, v:1, k:carro, mode:FULL, rate:0, size:1
2025-09-16 17:26:57, EXEC, v:1, k:carro, mode:FREE
2025-09-16 17:28:34, EXEC, v:1, k:carro, mode:FULL, rate:0, size:4
2025-09-16 17:28:36, EXEC, v:1, k:carro, mode:FREE
2025-09-16 17:30:02, MOVE, v:1, k:carro, mode:BACK
2025-09-16 17:31:55, MOVE, v:1, k:carro, mode:PICK
2025-09-16 17:31:57, EXEC, v:1, k:carro, mode:FULL, rate:0
2025-09-16 17:32:42, MOVE, v:1, k:carro, mode:BACK
2025-09-16 17:33:13, MOVE, v:1, k:carro, mode:PICK
2025-09-16 17:33:14, EXEC, v:1, k:carro, mode:FULL, rate:0
2025-09-16 17:33:44, EXEC, v:1, k:carro, mode:FULL, rate:0, size:4
2025-09-16 17:33:47, EXEC, v:1, k:carro, mode:FULL, rate:0
2025-09-16 17:33:52, EXEC, v:1, k:carro, mode:FULL, rate:0, size:4
