2025-10-05 04:15:19, MOVE, v:1, k:carro, mode:PICK
2025-10-05 04:15:20, EXEC, v:1, k:carro, mode:FULL, rate:100
2025-10-05 04:15:21, MOVE, v:1, k:carro, mode:BACK
2025-10-05 04:15:24, MOVE, v:1, k:calculadora, mode:PICK
2025-10-05 04:15:25, EXEC, v:1, k:calculadora, mode:FULL, rate:0, size:0
2025-10-05 18:44:49, MOVE, v:1, k:calculadora, mode:PICK
2025-10-05 18:44:49, EXEC, v:1, k:calculadora, mode:FULL, rate:0, size:3
2025-10-05 18:48:58, EXEC, v:1, k:calculadora, mode:FULL, rate:0
2025-10-05 18:49:00, MOVE, v:1, k:calculadora, mode:BACK
2025-10-05 19:00:18, MOVE, v:1, k:enxugar, mode:PICK
2025-10-05 19:00:19, EXEC, v:1, k:enxugar, mode:FULL, rate:100
2025-10-05 19:00:21, EXEC, v:1, k:enxugar, mode:FULL, rate:100
2025-10-05 19:00:22, EXEC, v:1, k:enxugar, mode:FULL, rate:100
2025-10-05 19:00:23, MOVE, v:1, k:enxugar, mode:BACK
2025-10-05 19:00:26, MOVE, v:1, k:calculadora, mode:PICK
2025-10-05 19:00:27, EXEC, v:1, k:calculadora, mode:FULL, rate:0, size:4
2025-10-05 19:00:28, EXEC, v:1, k:calculadora, mode:FULL, rate:0
2025-10-05 19:00:29, MOVE, v:1, k:calculadora, mode:BACK
2025-10-05 19:00:30, MOVE, v:1, k:carro, mode:PICK
2025-10-05 19:00:31, EXEC, v:1, k:carro, mode:FULL, rate:100
2025-10-05 19:00:32, EXEC, v:1, k:carro, mode:FULL, rate:100
2025-10-05 19:00:32, MOVE, v:1, k:carro, mode:BACK
2025-10-05 19:00:34, MOVE, v:1, k:animal, mode:PICK
2025-10-05 19:00:34, EXEC, v:1, k:animal, mode:FULL, rate:100
2025-10-05 19:00:35, MOVE, v:1, k:animal, mode:BACK
2025-10-05 19:00:36, MOVE, v:1, k:calculadora, mode:PICK
2025-10-05 19:00:37, EXEC, v:1, k:calculadora, mode:FULL, rate:0
2025-10-05 19:02:06, EXEC, v:1, k:calculadora, mode:FULL, rate:0, size:6
2025-10-05 19:02:07, EXEC, v:1, k:calculadora, mode:FULL, rate:0
2025-10-05 19:04:17, EXEC, v:1, k:calculadora, mode:FULL, rate:0, size:14
2025-10-05 19:04:33, EXEC, v:1, k:calculadora, mode:FULL, rate:0, size:14
2025-10-05 19:04:52, EXEC, v:1, k:calculadora, mode:FULL, rate:0, size:14
2025-10-05 19:14:53, EXEC, v:1, k:calculadora, mode:FULL, rate:0, size:19
2025-10-05 19:14:54, EXEC, v:1, k:calculadora, mode:FULL, rate:0
2025-10-05 19:16:13, EXEC, v:1, k:calculadora, mode:FULL, rate:0, size:20
2025-10-05 19:22:26, EXEC, v:1, k:calculadora, mode:FULL, rate:0, size:31
2025-10-05 19:22:27, EXEC, v:1, k:calculadora, mode:FULL, rate:0
2025-10-05 19:27:11, EXEC, v:1, k:calculadora, mode:FULL, rate:0, size:39
2025-10-05 19:27:12, EXEC, v:1, k:calculadora, mode:FULL, rate:0
2025-10-05 19:49:41, EXEC, v:1, k:calculadora, mode:FULL, rate:0, size:57
2025-10-05 19:49:42, EXEC, v:1, k:calculadora, mode:FULL, rate:0
2025-10-05 19:49:43, MOVE, v:1, k:calculadora, mode:BACK
2025-10-05 19:49:45, MOVE, v:1, k:calculadora, mode:PICK
2025-10-05 19:52:46, EXEC, v:1, k:calculadora, mode:FULL, rate:0, size:62
2025-10-05 19:52:47, EXEC, v:1, k:calculadora, mode:FULL, rate:0
2025-10-05 20:00:20, EXEC, v:1, k:calculadora, mode:FULL, rate:0, size:80
2025-10-05 20:00:21, EXEC, v:1, k:calculadora, mode:FULL, rate:0
2025-10-05 20:02:18, EXEC, v:1, k:calculadora, mode:FULL, rate:0, size:88
2025-10-05 20:03:36, EXEC, v:1, k:calculadora, mode:FULL, rate:0
2025-10-05 20:03:37, EXEC, v:1, k:calculadora, mode:FULL, rate:0
2025-10-05 20:10:45, EXEC, v:1, k:calculadora, mode:FULL, rate:100, size:68
2025-10-05 20:10:51, EXEC, v:1, k:calculadora, mode:FULL, rate:100
2025-10-05 20:10:54, MOVE, v:1, k:calculadora, mode:BACK
2025-10-05 20:12:06, SELF, v:1, k:calculadora, rate:100, human:sim, iagen:em_pequenos_erros_q_passaram_despercebidos, alone:1, study:90
